<?xml version="1.0" encoding="UTF-8"?>
<!-- Generated by org.testng.reporters.JUnitReportReporter -->
<testsuite hostname="DESKTOP-TS8R6D5" failures="0" tests="5" name="restapi.HTTPRequest" time="9.953" errors="0" timestamp="2023-11-21T22:38:19 IST" skipped="0">
  <testcase classname="restapi.HTTPRequest" name="getUser" time="3.692"/>
  <testcase classname="restapi.HTTPRequest" name="getUsers" time="1.790"/>
  <testcase classname="restapi.HTTPRequest" name="createUser" time="2.308"/>
  <testcase classname="restapi.HTTPRequest" name="updateUser" time="1.259"/>
  <testcase classname="restapi.HTTPRequest" name="deleteUser" time="0.904"/>
</testsuite> <!-- restapi.HTTPRequest -->
