<?xml version="1.0" encoding="UTF-8"?>
<!-- Generated by org.testng.reporters.JUnitReportReporter -->
<testsuite hostname="DESKTOP-TS8R6D5" failures="0" tests="1" name="restapi.Basics" time="0.746" errors="0" timestamp="2023-11-29T16:52:30 IST" skipped="0">
  <testcase classname="restapi.Basics" name="basics" time="0.746"/>
</testsuite> <!-- restapi.Basics -->
