<?xml version="1.0" encoding="UTF-8"?>
<!-- Generated by org.testng.reporters.JUnitReportReporter -->
<testsuite hostname="DESKTOP-TS8R6D5" failures="0" tests="5" name="restapi.HTTPRequest" time="9.223" errors="0" timestamp="2023-11-29T14:50:17 IST" skipped="0">
  <testcase classname="restapi.HTTPRequest" name="getUser" time="3.584"/>
  <testcase classname="restapi.HTTPRequest" name="getUsers" time="1.650"/>
  <testcase classname="restapi.HTTPRequest" name="createUser" time="2.121"/>
  <testcase classname="restapi.HTTPRequest" name="updateUser" time="0.913"/>
  <testcase classname="restapi.HTTPRequest" name="deleteUser" time="0.955"/>
</testsuite> <!-- restapi.HTTPRequest -->
